<?xml version="1.0" encoding="utf-8"?><testsuites name="pytest tests"><testsuite name="pytest" errors="0" failures="0" skipped="0" tests="127" time="2.913" timestamp="2026-05-23T02:23:23.039857+00:00" hostname="runnervmg397c"><testcase classname="tests.test_engine" name="test_async_module_func" time="0.006" /><testcase classname="tests.test_engine" name="test_sync_module_func" time="0.002" /><testcase classname="tests.test_engine" name="test_module_func_raise_exception" time="0.002" /><testcase classname="tests.test_engine" name="test_missing_validate_func" time="0.001" /><testcase classname="tests.test_engine" name="test_default_category_email" time="0.003" /><testcase classname="tests.test_engine" name="test_default_category_username" time="0.002" /><testcase classname="tests.test_engine" name="test_default_category" time="0.002" /><testcase classname="tests.test_engine" name="test_metadata_enrichment" time="0.002" /><testcase classname="tests.test_engine" name="test_check_category" time="0.002" /><testcase classname="tests.test_engine" name="test_is_email_passed_correctly" time="0.002" /><testcase classname="tests.test_engine" name="test_case_insensitive_category_match" time="0.002" /><testcase classname="tests.test_engine" name="test_empty_category_list" time="0.001" /><testcase classname="tests.test_engine" name="test_category_not_found_email" time="0.002" /><testcase classname="tests.test_engine" name="test_category_not_found_username" time="0.001" /><testcase classname="tests.test_engine" name="test_check_all" time="0.002" /><testcase classname="tests.test_engine" name="test_check_all_email_passed_correct" time="0.002" /><testcase classname="tests.test_engine" name="test_check_all_nested_lis_flatten" time="0.002" /><testcase classname="tests.test_engine" name="test_check_all_category_exception" time="0.001" /><testcase classname="tests.test_formatter" name="test_indentate" time="0.001" /><testcase classname="tests.test_formatter" name="test_get_result_output_formats" time="0.001" /><testcase classname="tests.test_helpers" name="test_get_site_name" time="0.001" /><testcase classname="tests.test_helpers" name="test_bulk_emails_valid" time="0.034" /><testcase classname="tests.test_helpers" name="test_bulk_emails_partially_valid" time="0.003" /><testcase classname="tests.test_helpers" name="test_bulk_emails_single_valid" time="0.003" /><testcase classname="tests.test_helpers" name="test_bulk_emails_invalid" time="0.003" /><testcase classname="tests.test_helpers" name="test_bulk_emails_empty_file" time="0.003" /><testcase classname="tests.test_helpers" name="test_bulk_emails_no_file" time="0.002" /><testcase classname="tests.test_helpers" name="test_bulk_emails_skip_comments_blank_lines" time="0.003" /><testcase classname="tests.test_helpers" name="test_email_file_unreadable" time="0.003" /><testcase classname="tests.test_helpers" name="test_bulk_usernames_valid" time="0.034" /><testcase classname="tests.test_helpers" name="test_bulk_usernames_single_valid" time="0.003" /><testcase classname="tests.test_helpers" name="test_bulk_usernames_empty_file" time="0.003" /><testcase classname="tests.test_helpers" name="test_bulk_usernames_no_file" time="0.002" /><testcase classname="tests.test_helpers" name="test_bulk_usernames_skip_comments_blank_lines" time="0.003" /><testcase classname="tests.test_helpers" name="test_username_file_unreadable" time="0.003" /><testcase classname="tests.test_helpers" name="test_validate_proxy_all_invalid" time="0.006" /><testcase classname="tests.test_helpers" name="test_validate_proxy_partially_invalid" time="0.003" /><testcase classname="tests.test_helpers" name="test_validate_proxy_empty_list" time="0.001" /><testcase classname="tests.test_helpers" name="test_validate_proxy_timeout" time="0.002" /><testcase classname="tests.test_helpers" name="test_validate_proxy_single_worker" time="0.002" /><testcase classname="tests.test_helpers" name="test_proxy_manager_add_protocol" time="0.001" /><testcase classname="tests.test_helpers" name="test_proxy_manager_preserves_explicit_schemes" time="0.001" /><testcase classname="tests.test_helpers" name="test_proxy_manager_no_poxy_file" time="0.001" /><testcase classname="tests.test_helpers" name="test_proxy_manager_empty_file_only_comments" time="0.001" /><testcase classname="tests.test_helpers" name="test_proxy_rotation" time="0.001" /><testcase classname="tests.test_helpers" name="test_single_proxy_rotation" time="0.001" /><testcase classname="tests.test_helpers" name="test_global_manager" time="0.001" /><testcase classname="tests.test_helpers" name="test_thread_safe_rotation" time="0.006" /><testcase classname="tests.test_helpers" name="test_get_config_path_default" time="0.001" /><testcase classname="tests.test_helpers" name="test_get_config_path_env_override" time="0.001" /><testcase classname="tests.test_helpers" name="test_load_config_creates_default" time="0.001" /><testcase classname="tests.test_helpers" name="test_load_config_reads_existing" time="0.001" /><testcase classname="tests.test_helpers" name="test_save_config_value_updates_keys" time="0.002" /><testcase classname="tests.test_helpers" name="test_load_config_handles_corrupt_json" time="0.001" /><testcase classname="tests.test_helpers" name="test_save_config_value_creates_directory" time="0.001" /><testcase classname="tests.test_helpers" name="test_hudson_config_value" time="0.001" /><testcase classname="tests.test_orchestrator" name="test_status_validate_available" time="0.001" /><testcase classname="tests.test_orchestrator" name="test_run_module_single_prints_json_and_csv" time="0.001" /><testcase classname="tests.test_orchestrator" name="test_run_checks_category_threaded" time="0.002" /><testcase classname="tests.test_patterns" name="test_plain_text" time="0.001" /><testcase classname="tests.test_patterns" name="test_single_char" time="0.000" /><testcase classname="tests.test_patterns" name="test_empty_input" time="0.000" /><testcase classname="tests.test_patterns" name="test_charset_range_letters" time="0.001" /><testcase classname="tests.test_patterns" name="test_charset_range_digits" time="0.001" /><testcase classname="tests.test_patterns" name="test_charset_single_char" time="0.000" /><testcase classname="tests.test_patterns" name="test_charset_explicit_chars" time="0.001" /><testcase classname="tests.test_patterns" name="test_charset_with_prefix" time="0.001" /><testcase classname="tests.test_patterns" name="test_charset_with_suffix" time="0.001" /><testcase classname="tests.test_patterns" name="test_charset_with_prefix_and_suffix" time="0.001" /><testcase classname="tests.test_patterns" name="test_multiple_charsets" time="0.001" /><testcase classname="tests.test_patterns" name="test_adjacent_charsets" time="0.001" /><testcase classname="tests.test_patterns" name="test_charset_dash_literal" time="0.000" /><testcase classname="tests.test_patterns" name="test_charset_mixed_range_and_literal" time="0.000" /><testcase classname="tests.test_patterns" name="test_charset_same_start_end" time="0.001" /><testcase classname="tests.test_patterns" name="test_charset_reversed_range" time="0.001" /><testcase classname="tests.test_patterns" name="test_reversed_range_with_text" time="0.001" /><testcase classname="tests.test_patterns" name="test_lenset_single_value" time="0.001" /><testcase classname="tests.test_patterns" name="test_lenset_range" time="0.001" /><testcase classname="tests.test_patterns" name="test_lenset_zero_only" time="0.001" /><testcase classname="tests.test_patterns" name="test_lenset_semicolons" time="0.001" /><testcase classname="tests.test_patterns" name="test_lenset_large_range" time="0.003" /><testcase classname="tests.test_patterns" name="test_lenset_two_digit_combos" time="0.001" /><testcase classname="tests.test_patterns" name="test_lenset_mixed_range_and_single" time="0.001" /><testcase classname="tests.test_patterns" name="test_default_lenset_is_one" time="0.001" /><testcase classname="tests.test_patterns" name="test_escaped_open_bracket" time="0.001" /><testcase classname="tests.test_patterns" name="test_escaped_close_bracket" time="0.001" /><testcase classname="tests.test_patterns" name="test_escaped_backslash" time="0.000" /><testcase classname="tests.test_patterns" name="test_escaped_bracket_pair" time="0.000" /><testcase classname="tests.test_patterns" name="test_escape_inside_charset" time="0.000" /><testcase classname="tests.test_patterns" name="test_error_unclosed_bracket" time="0.001" /><testcase classname="tests.test_patterns" name="test_error_unmatched_close_bracket" time="0.001" /><testcase classname="tests.test_patterns" name="test_error_unclosed_brace" time="0.001" /><testcase classname="tests.test_patterns" name="test_error_lone_open_bracket" time="0.001" /><testcase classname="tests.test_patterns" name="test_error_lenset_starts_with_dash" time="0.001" /><testcase classname="tests.test_patterns" name="test_mixed_text_and_patterns" time="0.001" /><testcase classname="tests.test_patterns" name="test_three_blocks" time="0.001" /><testcase classname="tests.test_patterns" name="test_pattern_is_iterator" time="0.000" /><testcase classname="tests.test_patterns" name="test_random_same_set" time="0.001" /><testcase classname="tests.test_patterns" name="test_random_same_count" time="0.007" /><testcase classname="tests.test_patterns" name="test_random_plain_text" time="0.000" /><testcase classname="tests.test_patterns" name="test_random_empty_input" time="0.000" /><testcase classname="tests.test_patterns" name="test_random_islice" time="0.003" /><testcase classname="tests.test_patterns" name="test_random_reservoir_sampling" time="0.006" /><testcase classname="tests.test_patterns" name="test_random_is_iterator" time="0.000" /><testcase classname="tests.test_patterns" name="test_count_plain_text" time="0.000" /><testcase classname="tests.test_patterns" name="test_count_empty" time="0.000" /><testcase classname="tests.test_patterns" name="test_count_charset" time="0.000" /><testcase classname="tests.test_patterns" name="test_count_with_lenset" time="0.001" /><testcase classname="tests.test_patterns" name="test_count_multiple_blocks" time="0.001" /><testcase classname="tests.test_patterns" name="test_count_matches_expansion" time="0.001" /><testcase classname="tests.test_result" name="test_status_labels" time="0.001" /><testcase classname="tests.test_result" name="test_equality" time="0.001" /><testcase classname="tests.test_result" name="test_get_reason_and_humanize" time="0.001" /><testcase classname="tests.test_result" name="test_has_reason" time="0.000" /><testcase classname="tests.test_result" name="test_to_number" time="0.000" /><testcase classname="tests.test_result" name="test_from_number" time="0.001" /><testcase classname="tests.test_result" name="test_number_roundtrip" time="0.001" /><testcase classname="tests.test_result" name="test_update_and_fields" time="0.001" /><testcase classname="tests.test_result" name="test_output_formats" time="0.001" /><testcase classname="tests.test_result" name="test_console_output_and_show_url" time="0.001" /><testcase classname="tests.test_result" name="test_debug_string" time="0.001" /><testcase classname="tests.test_result" name="test_show" time="0.001" /><testcase classname="tests.test_update" name="test_default_config" time="0.001" /><testcase classname="tests.test_update" name="test_config_json" time="0.001" /><testcase classname="tests.test_update" name="test_config_set" time="0.002" /><testcase classname="tests.test_version" name="test_load_local_version" time="0.001" /><testcase classname="tests.test_version" name="test_get_pypi_version" time="0.001" /></testsuite></testsuites>